<?xml version="1.0" encoding="UTF-8"?>
<testsuite name="edu.rice.comp610.model.DispatchAdapterTest" time="0.593" tests="3" errors="0" skipped="0" failures="0">
  <properties>
[...]
</properties>
  <testcase name="testSimpleMoveValidator" classname="edu.rice.comp610.model.DispatchAdapterTest" time="0.016"/>
  <testcase name="testChessModel" classname="edu.rice.comp610.model.DispatchAdapterTest" time="0.577"/>
  <testcase name="testSimpleAuthenticator" classname="edu.rice.comp610.model.DispatchAdapterTest" time="0"/>
</testsuite>